Running with threads: 1
Block: (Dimensions: 1000x1000 * 1000x1000) - Time: 623359 microseconds
Tile: (Dimensions: 1000x1000 * 1000x1000) - Time:  532084 microseconds
Running with threads: 2
Block: (Dimensions: 1000x1000 * 1000x1000) - Time: 344806 microseconds
Tile: (Dimensions: 1000x1000 * 1000x1000) - Time:  283383 microseconds
Running with threads: 4
Block: (Dimensions: 1000x1000 * 1000x1000) - Time: 177708 microseconds
Tile: (Dimensions: 1000x1000 * 1000x1000) - Time:  150583 microseconds
Running with threads: 8
Block: (Dimensions: 1000x1000 * 1000x1000) - Time: 85595.6 microseconds
Tile: (Dimensions: 1000x1000 * 1000x1000) - Time:  75168.8 microseconds
Running with threads: 12
Block: (Dimensions: 1000x1000 * 1000x1000) - Time: 58501.2 microseconds
Tile: (Dimensions: 1000x1000 * 1000x1000) - Time:  50825 microseconds
Running with threads: 14
Block: (Dimensions: 1000x1000 * 1000x1000) - Time: 53785 microseconds
Tile: (Dimensions: 1000x1000 * 1000x1000) - Time:  43617.5 microseconds
Running with threads: 16
Block: (Dimensions: 1000x1000 * 1000x1000) - Time: 78565.4 microseconds
Tile: (Dimensions: 1000x1000 * 1000x1000) - Time:  45690.9 microseconds
Running with threads: 20
Block: (Dimensions: 1000x1000 * 1000x1000) - Time: 69824 microseconds
Tile: (Dimensions: 1000x1000 * 1000x1000) - Time:  43011.9 microseconds
Running with threads: 24
Block: (Dimensions: 1000x1000 * 1000x1000) - Time: 55974.4 microseconds
Tile: (Dimensions: 1000x1000 * 1000x1000) - Time:  41996.5 microseconds
Running with threads: 28
Block: (Dimensions: 1000x1000 * 1000x1000) - Time: 53674.9 microseconds
Tile: (Dimensions: 1000x1000 * 1000x1000) - Time:  39331 microseconds
Running with threads: 1
Block: (Dimensions: 1000x2000 * 2000x5000) - Time: 1.03717e+07 microseconds
Tile: (Dimensions: 1000x2000 * 2000x5000) - Time:  5.18792e+06 microseconds
Running with threads: 2
Block: (Dimensions: 1000x2000 * 2000x5000) - Time: 6.96897e+06 microseconds
Tile: (Dimensions: 1000x2000 * 2000x5000) - Time:  2.74077e+06 microseconds
Running with threads: 4
Block: (Dimensions: 1000x2000 * 2000x5000) - Time: 3.6677e+06 microseconds
Tile: (Dimensions: 1000x2000 * 2000x5000) - Time:  1.43519e+06 microseconds
Running with threads: 8
Block: (Dimensions: 1000x2000 * 2000x5000) - Time: 1.68518e+06 microseconds
Tile: (Dimensions: 1000x2000 * 2000x5000) - Time:  730330 microseconds
Running with threads: 12
Block: (Dimensions: 1000x2000 * 2000x5000) - Time: 1.14623e+06 microseconds
Tile: (Dimensions: 1000x2000 * 2000x5000) - Time:  492842 microseconds
Running with threads: 14
Block: (Dimensions: 1000x2000 * 2000x5000) - Time: 947267 microseconds
Tile: (Dimensions: 1000x2000 * 2000x5000) - Time:  427451 microseconds
Running with threads: 16
Block: (Dimensions: 1000x2000 * 2000x5000) - Time: 808412 microseconds
Tile: (Dimensions: 1000x2000 * 2000x5000) - Time:  411057 microseconds
Running with threads: 20
Block: (Dimensions: 1000x2000 * 2000x5000) - Time: 650095 microseconds
Tile: (Dimensions: 1000x2000 * 2000x5000) - Time:  391519 microseconds
Running with threads: 24
Block: (Dimensions: 1000x2000 * 2000x5000) - Time: 680929 microseconds
Tile: (Dimensions: 1000x2000 * 2000x5000) - Time:  370825 microseconds
Running with threads: 28
Block: (Dimensions: 1000x2000 * 2000x5000) - Time: 765125 microseconds
Tile: (Dimensions: 1000x2000 * 2000x5000) - Time:  350428 microseconds
Running with threads: 1
Block: (Dimensions: 9000x2500 * 2500x3750) - Time: 1.49693e+08 microseconds
Tile: (Dimensions: 9000x2500 * 2500x3750) - Time:  4.92522e+07 microseconds
Running with threads: 2
Block: (Dimensions: 9000x2500 * 2500x3750) - Time: 1.14861e+08 microseconds
Tile: (Dimensions: 9000x2500 * 2500x3750) - Time:  2.46544e+07 microseconds
Running with threads: 4
Block: (Dimensions: 9000x2500 * 2500x3750) - Time: 4.82611e+07 microseconds
Tile: (Dimensions: 9000x2500 * 2500x3750) - Time:  1.2519e+07 microseconds
Running with threads: 8
Block: (Dimensions: 9000x2500 * 2500x3750) - Time: 2.93505e+07 microseconds
Tile: (Dimensions: 9000x2500 * 2500x3750) - Time:  6.22043e+06 microseconds
Running with threads: 12
Block: (Dimensions: 9000x2500 * 2500x3750) - Time: 1.61727e+07 microseconds
Tile: (Dimensions: 9000x2500 * 2500x3750) - Time:  4.13008e+06 microseconds
Running with threads: 14
Block: (Dimensions: 9000x2500 * 2500x3750) - Time: 1.72123e+07 microseconds
Tile: (Dimensions: 9000x2500 * 2500x3750) - Time:  3.69939e+06 microseconds
Running with threads: 16
Block: (Dimensions: 9000x2500 * 2500x3750) - Time: 1.29028e+07 microseconds
Tile: (Dimensions: 9000x2500 * 2500x3750) - Time:  3.48104e+06 microseconds
Running with threads: 20
Block: (Dimensions: 9000x2500 * 2500x3750) - Time: 9.96211e+06 microseconds
Tile: (Dimensions: 9000x2500 * 2500x3750) - Time:  3.28855e+06 microseconds
Running with threads: 24
Block: (Dimensions: 9000x2500 * 2500x3750) - Time: 7.93131e+06 microseconds
Tile: (Dimensions: 9000x2500 * 2500x3750) - Time:  3.11686e+06 microseconds
Running with threads: 28
Block: (Dimensions: 9000x2500 * 2500x3750) - Time: 9.25708e+06 microseconds
Tile: (Dimensions: 9000x2500 * 2500x3750) - Time:  2.95301e+06 microseconds
